<?xml version="1.0" encoding="UTF-8"?>
<testsuite xmlns:xsi="http://www.w3.org/2001/XMLSchema-instance" xsi:noNamespaceSchemaLocation="https://maven.apache.org/surefire/maven-surefire-plugin/xsd/surefire-test-report-3.0.xsd" version="3.0" name="com.example.persistence.JsonConfigTest" time="0.038" tests="7" errors="0" skipped="0" failures="0">
  <properties>
    <property name="java.specification.version" value="25"/>
    <property name="sun.jnu.encoding" value="UTF-8"/>
    <property name="java.class.path" value="/home/bammm/coding/sem-2/SDA/responsi2/btodo/target/test-classes:/home/bammm/coding/sem-2/SDA/responsi2/btodo/target/classes:/home/bammm/.m2/repository/org/openjfx/javafx-controls/13/javafx-controls-13.jar:/home/bammm/.m2/repository/org/openjfx/javafx-controls/13/javafx-controls-13-linux.jar:/home/bammm/.m2/repository/org/openjfx/javafx-graphics/13/javafx-graphics-13.jar:/home/bammm/.m2/repository/org/openjfx/javafx-graphics/13/javafx-graphics-13-linux.jar:/home/bammm/.m2/repository/org/openjfx/javafx-base/13/javafx-base-13.jar:/home/bammm/.m2/repository/org/openjfx/javafx-base/13/javafx-base-13-linux.jar:/home/bammm/.m2/repository/org/openjfx/javafx-fxml/13/javafx-fxml-13.jar:/home/bammm/.m2/repository/org/openjfx/javafx-fxml/13/javafx-fxml-13-linux.jar:/home/bammm/.m2/repository/com/fasterxml/jackson/core/jackson-databind/2.15.2/jackson-databind-2.15.2.jar:/home/bammm/.m2/repository/com/fasterxml/jackson/core/jackson-annotations/2.15.2/jackson-annotations-2.15.2.jar:/home/bammm/.m2/repository/com/fasterxml/jackson/core/jackson-core/2.15.2/jackson-core-2.15.2.jar:/home/bammm/.m2/repository/org/junit/jupiter/junit-jupiter-api/5.10.0/junit-jupiter-api-5.10.0.jar:/home/bammm/.m2/repository/org/opentest4j/opentest4j/1.3.0/opentest4j-1.3.0.jar:/home/bammm/.m2/repository/org/junit/platform/junit-platform-commons/1.10.0/junit-platform-commons-1.10.0.jar:/home/bammm/.m2/repository/org/apiguardian/apiguardian-api/1.1.2/apiguardian-api-1.1.2.jar:/home/bammm/.m2/repository/org/junit/jupiter/junit-jupiter-engine/5.10.0/junit-jupiter-engine-5.10.0.jar:/home/bammm/.m2/repository/org/junit/platform/junit-platform-engine/1.10.0/junit-platform-engine-1.10.0.jar:/home/bammm/.m2/repository/com/fasterxml/jackson/datatype/jackson-datatype-jsr310/2.15.2/jackson-datatype-jsr310-2.15.2.jar:"/>
    <property name="java.vm.vendor" value="Oracle Corporation"/>
    <property name="sun.arch.data.model" value="64"/>
    <property name="java.vendor.url" value="https://java.oracle.com/"/>
    <property name="user.timezone" value="Asia/Jakarta"/>
    <property name="os.name" value="Linux"/>
    <property name="java.vm.specification.version" value="25"/>
    <property name="sun.java.launcher" value="SUN_STANDARD"/>
    <property name="user.country" value="US"/>
    <property name="sun.boot.library.path" value="/usr/lib/jvm/java-25-openjdk/lib"/>
    <property name="sun.java.command" value="/home/bammm/coding/sem-2/SDA/responsi2/btodo/target/surefire/surefirebooter-20250629023540693_3.jar /home/bammm/coding/sem-2/SDA/responsi2/btodo/target/surefire 2025-06-29T02-35-40_457-jvmRun1 surefire-20250629023540693_1tmp surefire_0-20250629023540693_2tmp"/>
    <property name="jdk.debug" value="release"/>
    <property name="test" value="TaskRepositoryTest,JsonConfigTest,PersistenceIntegrationTest"/>
    <property name="surefire.test.class.path" value="/home/bammm/coding/sem-2/SDA/responsi2/btodo/target/test-classes:/home/bammm/coding/sem-2/SDA/responsi2/btodo/target/classes:/home/bammm/.m2/repository/org/openjfx/javafx-controls/13/javafx-controls-13.jar:/home/bammm/.m2/repository/org/openjfx/javafx-controls/13/javafx-controls-13-linux.jar:/home/bammm/.m2/repository/org/openjfx/javafx-graphics/13/javafx-graphics-13.jar:/home/bammm/.m2/repository/org/openjfx/javafx-graphics/13/javafx-graphics-13-linux.jar:/home/bammm/.m2/repository/org/openjfx/javafx-base/13/javafx-base-13.jar:/home/bammm/.m2/repository/org/openjfx/javafx-base/13/javafx-base-13-linux.jar:/home/bammm/.m2/repository/org/openjfx/javafx-fxml/13/javafx-fxml-13.jar:/home/bammm/.m2/repository/org/openjfx/javafx-fxml/13/javafx-fxml-13-linux.jar:/home/bammm/.m2/repository/com/fasterxml/jackson/core/jackson-databind/2.15.2/jackson-databind-2.15.2.jar:/home/bammm/.m2/repository/com/fasterxml/jackson/core/jackson-annotations/2.15.2/jackson-annotations-2.15.2.jar:/home/bammm/.m2/repository/com/fasterxml/jackson/core/jackson-core/2.15.2/jackson-core-2.15.2.jar:/home/bammm/.m2/repository/org/junit/jupiter/junit-jupiter-api/5.10.0/junit-jupiter-api-5.10.0.jar:/home/bammm/.m2/repository/org/opentest4j/opentest4j/1.3.0/opentest4j-1.3.0.jar:/home/bammm/.m2/repository/org/junit/platform/junit-platform-commons/1.10.0/junit-platform-commons-1.10.0.jar:/home/bammm/.m2/repository/org/apiguardian/apiguardian-api/1.1.2/apiguardian-api-1.1.2.jar:/home/bammm/.m2/repository/org/junit/jupiter/junit-jupiter-engine/5.10.0/junit-jupiter-engine-5.10.0.jar:/home/bammm/.m2/repository/org/junit/platform/junit-platform-engine/1.10.0/junit-platform-engine-1.10.0.jar:/home/bammm/.m2/repository/com/fasterxml/jackson/datatype/jackson-datatype-jsr310/2.15.2/jackson-datatype-jsr310-2.15.2.jar:"/>
    <property name="sun.cpu.endian" value="little"/>
    <property name="user.home" value="/home/bammm"/>
    <property name="user.language" value="en"/>
    <property name="java.specification.vendor" value="Oracle Corporation"/>
    <property name="java.version.date" value="2025-09-16"/>
    <property name="java.home" value="/usr/lib/jvm/java-25-openjdk"/>
    <property name="file.separator" value="/"/>
    <property name="basedir" value="/home/bammm/coding/sem-2/SDA/responsi2/btodo"/>
    <property name="java.vm.compressedOopsMode" value="Zero based"/>
    <property name="line.separator" value="&#10;"/>
    <property name="java.specification.name" value="Java Platform API Specification"/>
    <property name="java.vm.specification.vendor" value="Oracle Corporation"/>
    <property name="surefire.real.class.path" value="/home/bammm/coding/sem-2/SDA/responsi2/btodo/target/surefire/surefirebooter-20250629023540693_3.jar"/>
    <property name="sun.management.compiler" value="HotSpot 64-Bit Tiered Compilers"/>
    <property name="java.runtime.version" value="25-ea+29-3402"/>
    <property name="user.name" value="bammm"/>
    <property name="stdout.encoding" value="UTF-8"/>
    <property name="path.separator" value=":"/>
    <property name="os.version" value="6.15.3-arch1-1"/>
    <property name="java.runtime.name" value="OpenJDK Runtime Environment"/>
    <property name="file.encoding" value="UTF-8"/>
    <property name="java.vm.name" value="OpenJDK 64-Bit Server VM"/>
    <property name="localRepository" value="/home/bammm/.m2/repository"/>
    <property name="java.vendor.url.bug" value="https://bugreport.java.com/bugreport/"/>
    <property name="java.io.tmpdir" value="/tmp"/>
    <property name="java.version" value="25-ea"/>
    <property name="user.dir" value="/home/bammm/coding/sem-2/SDA/responsi2/btodo"/>
    <property name="os.arch" value="amd64"/>
    <property name="java.vm.specification.name" value="Java Virtual Machine Specification"/>
    <property name="native.encoding" value="UTF-8"/>
    <property name="java.library.path" value="/usr/java/packages/lib:/usr/lib64:/lib64:/lib:/usr/lib"/>
    <property name="java.vm.info" value="mixed mode, sharing"/>
    <property name="stderr.encoding" value="UTF-8"/>
    <property name="java.vendor" value="Oracle Corporation"/>
    <property name="java.vm.version" value="25-ea+29-3402"/>
    <property name="stdin.encoding" value="UTF-8"/>
    <property name="sun.io.unicode.encoding" value="UnicodeLittle"/>
    <property name="java.class.version" value="69.0"/>
  </properties>
  <testcase name="testLocalDateTimeSerialization" classname="com.example.persistence.JsonConfigTest" time="0.009"/>
  <testcase name="testMapperCreation" classname="com.example.persistence.JsonConfigTest" time="0.001"/>
  <testcase name="testTaskListSerialization" classname="com.example.persistence.JsonConfigTest" time="0.005"/>
  <testcase name="testEmptyTaskListSerialization" classname="com.example.persistence.JsonConfigTest" time="0.003"/>
  <testcase name="testNewMapperInstances" classname="com.example.persistence.JsonConfigTest" time="0.002"/>
  <testcase name="testComplexTagsSerialization" classname="com.example.persistence.JsonConfigTest" time="0.004"/>
  <testcase name="testNullValueHandling" classname="com.example.persistence.JsonConfigTest" time="0.005"/>
</testsuite>